16-Aug-2023 01:52:47.009 INFO [main] org.apache.catalina.startup.VersionLoggerListener.log Server version name:   Apache Tomcat/10.1.11
16-Aug-2023 01:52:47.014 INFO [main] org.apache.catalina.startup.VersionLoggerListener.log Server built:          Jul 6 2023 13:45:39 UTC
16-Aug-2023 01:52:47.015 INFO [main] org.apache.catalina.startup.VersionLoggerListener.log Server version number: 10.1.11.0
16-Aug-2023 01:52:47.015 INFO [main] org.apache.catalina.startup.VersionLoggerListener.log OS Name:               Windows 10
16-Aug-2023 01:52:47.015 INFO [main] org.apache.catalina.startup.VersionLoggerListener.log OS Version:            10.0
16-Aug-2023 01:52:47.015 INFO [main] org.apache.catalina.startup.VersionLoggerListener.log Architecture:          amd64
16-Aug-2023 01:52:47.015 INFO [main] org.apache.catalina.startup.VersionLoggerListener.log Java Home:             C:\Progra~1\Java\jdk-17.0.5
16-Aug-2023 01:52:47.016 INFO [main] org.apache.catalina.startup.VersionLoggerListener.log JVM Version:           17.0.5+9-LTS-191
16-Aug-2023 01:52:47.016 INFO [main] org.apache.catalina.startup.VersionLoggerListener.log JVM Vendor:            Oracle Corporation
16-Aug-2023 01:52:47.016 INFO [main] org.apache.catalina.startup.VersionLoggerListener.log CATALINA_BASE:         C:\Users\Jacek\Documents\priv\coding_projects\java_projects\tomcat\apache-tomcat-10.1.11
16-Aug-2023 01:52:47.016 INFO [main] org.apache.catalina.startup.VersionLoggerListener.log CATALINA_HOME:         C:\Users\Jacek\Documents\priv\coding_projects\java_projects\tomcat\apache-tomcat-10.1.11
16-Aug-2023 01:52:47.027 INFO [main] org.apache.catalina.startup.VersionLoggerListener.log Command line argument: -Djava.util.logging.config.file=C:\Users\Jacek\Documents\priv\coding_projects\java_projects\tomcat\apache-tomcat-10.1.11\conf\logging.properties
16-Aug-2023 01:52:47.027 INFO [main] org.apache.catalina.startup.VersionLoggerListener.log Command line argument: -Djava.util.logging.manager=org.apache.juli.ClassLoaderLogManager
16-Aug-2023 01:52:47.027 INFO [main] org.apache.catalina.startup.VersionLoggerListener.log Command line argument: -Djdk.tls.ephemeralDHKeySize=2048
16-Aug-2023 01:52:47.027 INFO [main] org.apache.catalina.startup.VersionLoggerListener.log Command line argument: -Djava.protocol.handler.pkgs=org.apache.catalina.webresources
16-Aug-2023 01:52:47.028 INFO [main] org.apache.catalina.startup.VersionLoggerListener.log Command line argument: --add-opens=java.base/java.lang=ALL-UNNAMED
16-Aug-2023 01:52:47.028 INFO [main] org.apache.catalina.startup.VersionLoggerListener.log Command line argument: --add-opens=java.base/java.io=ALL-UNNAMED
16-Aug-2023 01:52:47.028 INFO [main] org.apache.catalina.startup.VersionLoggerListener.log Command line argument: --add-opens=java.base/java.util=ALL-UNNAMED
16-Aug-2023 01:52:47.029 INFO [main] org.apache.catalina.startup.VersionLoggerListener.log Command line argument: --add-opens=java.base/java.util.concurrent=ALL-UNNAMED
16-Aug-2023 01:52:47.029 INFO [main] org.apache.catalina.startup.VersionLoggerListener.log Command line argument: --add-opens=java.rmi/sun.rmi.transport=ALL-UNNAMED
16-Aug-2023 01:52:47.030 INFO [main] org.apache.catalina.startup.VersionLoggerListener.log Command line argument: -Dcatalina.base=C:\Users\Jacek\Documents\priv\coding_projects\java_projects\tomcat\apache-tomcat-10.1.11
16-Aug-2023 01:52:47.030 INFO [main] org.apache.catalina.startup.VersionLoggerListener.log Command line argument: -Dcatalina.home=C:\Users\Jacek\Documents\priv\coding_projects\java_projects\tomcat\apache-tomcat-10.1.11
16-Aug-2023 01:52:47.031 INFO [main] org.apache.catalina.startup.VersionLoggerListener.log Command line argument: -Djava.io.tmpdir=C:\Users\Jacek\Documents\priv\coding_projects\java_projects\tomcat\apache-tomcat-10.1.11\temp
16-Aug-2023 01:52:47.034 INFO [main] org.apache.catalina.core.AprLifecycleListener.lifecycleEvent Loaded Apache Tomcat Native library [2.0.4] using APR version [1.7.4].
16-Aug-2023 01:52:47.041 INFO [main] org.apache.catalina.core.AprLifecycleListener.initializeSSL OpenSSL successfully initialized [OpenSSL 3.0.9 30 May 2023]
16-Aug-2023 01:52:47.278 INFO [main] org.apache.coyote.AbstractProtocol.init Initializing ProtocolHandler ["http-nio-8080"]
16-Aug-2023 01:52:47.305 INFO [main] org.apache.catalina.startup.Catalina.load Server initialization in [540] milliseconds
16-Aug-2023 01:52:47.364 INFO [main] org.apache.catalina.core.StandardService.startInternal Starting service [Catalina]
16-Aug-2023 01:52:47.364 INFO [main] org.apache.catalina.core.StandardEngine.startInternal Starting Servlet engine: [Apache Tomcat/10.1.11]
16-Aug-2023 01:52:47.377 INFO [main] org.apache.catalina.startup.HostConfig.deployDirectory Deploying web application directory [C:\Users\Jacek\Documents\priv\coding_projects\java_projects\tomcat\apache-tomcat-10.1.11\webapps\docs]
16-Aug-2023 01:52:47.716 INFO [main] org.apache.catalina.startup.HostConfig.deployDirectory Deployment of web application directory [C:\Users\Jacek\Documents\priv\coding_projects\java_projects\tomcat\apache-tomcat-10.1.11\webapps\docs] has finished in [338] ms
16-Aug-2023 01:52:47.716 INFO [main] org.apache.catalina.startup.HostConfig.deployDirectory Deploying web application directory [C:\Users\Jacek\Documents\priv\coding_projects\java_projects\tomcat\apache-tomcat-10.1.11\webapps\examples]
16-Aug-2023 01:52:48.296 INFO [main] org.apache.catalina.startup.HostConfig.deployDirectory Deployment of web application directory [C:\Users\Jacek\Documents\priv\coding_projects\java_projects\tomcat\apache-tomcat-10.1.11\webapps\examples] has finished in [580] ms
16-Aug-2023 01:52:48.297 INFO [main] org.apache.catalina.startup.HostConfig.deployDirectory Deploying web application directory [C:\Users\Jacek\Documents\priv\coding_projects\java_projects\tomcat\apache-tomcat-10.1.11\webapps\host-manager]
16-Aug-2023 01:52:48.351 INFO [main] org.apache.catalina.startup.HostConfig.deployDirectory Deployment of web application directory [C:\Users\Jacek\Documents\priv\coding_projects\java_projects\tomcat\apache-tomcat-10.1.11\webapps\host-manager] has finished in [54] ms
16-Aug-2023 01:52:48.352 INFO [main] org.apache.catalina.startup.HostConfig.deployDirectory Deploying web application directory [C:\Users\Jacek\Documents\priv\coding_projects\java_projects\tomcat\apache-tomcat-10.1.11\webapps\manager]
16-Aug-2023 01:52:48.407 INFO [main] org.apache.catalina.startup.HostConfig.deployDirectory Deployment of web application directory [C:\Users\Jacek\Documents\priv\coding_projects\java_projects\tomcat\apache-tomcat-10.1.11\webapps\manager] has finished in [54] ms
16-Aug-2023 01:52:48.407 INFO [main] org.apache.catalina.startup.HostConfig.deployDirectory Deploying web application directory [C:\Users\Jacek\Documents\priv\coding_projects\java_projects\tomcat\apache-tomcat-10.1.11\webapps\ROOT]
16-Aug-2023 01:52:48.437 INFO [main] org.apache.catalina.startup.HostConfig.deployDirectory Deployment of web application directory [C:\Users\Jacek\Documents\priv\coding_projects\java_projects\tomcat\apache-tomcat-10.1.11\webapps\ROOT] has finished in [30] ms
16-Aug-2023 01:52:48.441 INFO [main] org.apache.coyote.AbstractProtocol.start Starting ProtocolHandler ["http-nio-8080"]
16-Aug-2023 01:52:48.488 INFO [main] org.apache.catalina.startup.Catalina.start Server startup in [1182] milliseconds
16-Aug-2023 18:18:38.853 INFO [main] org.apache.catalina.startup.VersionLoggerListener.log Server version name:   Apache Tomcat/10.1.11
16-Aug-2023 18:18:38.861 INFO [main] org.apache.catalina.startup.VersionLoggerListener.log Server built:          Jul 6 2023 13:45:39 UTC
16-Aug-2023 18:18:38.861 INFO [main] org.apache.catalina.startup.VersionLoggerListener.log Server version number: 10.1.11.0
16-Aug-2023 18:18:38.861 INFO [main] org.apache.catalina.startup.VersionLoggerListener.log OS Name:               Windows 10
16-Aug-2023 18:18:38.862 INFO [main] org.apache.catalina.startup.VersionLoggerListener.log OS Version:            10.0
16-Aug-2023 18:18:38.862 INFO [main] org.apache.catalina.startup.VersionLoggerListener.log Architecture:          amd64
16-Aug-2023 18:18:38.862 INFO [main] org.apache.catalina.startup.VersionLoggerListener.log Java Home:             C:\Progra~1\Java\jdk-17.0.5
16-Aug-2023 18:18:38.862 INFO [main] org.apache.catalina.startup.VersionLoggerListener.log JVM Version:           17.0.5+9-LTS-191
16-Aug-2023 18:18:38.862 INFO [main] org.apache.catalina.startup.VersionLoggerListener.log JVM Vendor:            Oracle Corporation
16-Aug-2023 18:18:38.863 INFO [main] org.apache.catalina.startup.VersionLoggerListener.log CATALINA_BASE:         C:\Users\Jacek\Documents\priv\coding_projects\java_projects\astek-app\tomcat\apache-tomcat-10.1.11
16-Aug-2023 18:18:38.863 INFO [main] org.apache.catalina.startup.VersionLoggerListener.log CATALINA_HOME:         C:\Users\Jacek\Documents\priv\coding_projects\java_projects\astek-app\tomcat\apache-tomcat-10.1.11
16-Aug-2023 18:18:38.875 INFO [main] org.apache.catalina.startup.VersionLoggerListener.log Command line argument: -Djava.util.logging.config.file=C:\Users\Jacek\Documents\priv\coding_projects\java_projects\astek-app\tomcat\apache-tomcat-10.1.11\conf\logging.properties
16-Aug-2023 18:18:38.876 INFO [main] org.apache.catalina.startup.VersionLoggerListener.log Command line argument: -Djava.util.logging.manager=org.apache.juli.ClassLoaderLogManager
16-Aug-2023 18:18:38.876 INFO [main] org.apache.catalina.startup.VersionLoggerListener.log Command line argument: -Djdk.tls.ephemeralDHKeySize=2048
16-Aug-2023 18:18:38.877 INFO [main] org.apache.catalina.startup.VersionLoggerListener.log Command line argument: -Djava.protocol.handler.pkgs=org.apache.catalina.webresources
16-Aug-2023 18:18:38.877 INFO [main] org.apache.catalina.startup.VersionLoggerListener.log Command line argument: --add-opens=java.base/java.lang=ALL-UNNAMED
16-Aug-2023 18:18:38.877 INFO [main] org.apache.catalina.startup.VersionLoggerListener.log Command line argument: --add-opens=java.base/java.io=ALL-UNNAMED
16-Aug-2023 18:18:38.878 INFO [main] org.apache.catalina.startup.VersionLoggerListener.log Command line argument: --add-opens=java.base/java.util=ALL-UNNAMED
16-Aug-2023 18:18:38.879 INFO [main] org.apache.catalina.startup.VersionLoggerListener.log Command line argument: --add-opens=java.base/java.util.concurrent=ALL-UNNAMED
16-Aug-2023 18:18:38.879 INFO [main] org.apache.catalina.startup.VersionLoggerListener.log Command line argument: --add-opens=java.rmi/sun.rmi.transport=ALL-UNNAMED
16-Aug-2023 18:18:38.879 INFO [main] org.apache.catalina.startup.VersionLoggerListener.log Command line argument: -Dcatalina.base=C:\Users\Jacek\Documents\priv\coding_projects\java_projects\astek-app\tomcat\apache-tomcat-10.1.11
16-Aug-2023 18:18:38.880 INFO [main] org.apache.catalina.startup.VersionLoggerListener.log Command line argument: -Dcatalina.home=C:\Users\Jacek\Documents\priv\coding_projects\java_projects\astek-app\tomcat\apache-tomcat-10.1.11
16-Aug-2023 18:18:38.880 INFO [main] org.apache.catalina.startup.VersionLoggerListener.log Command line argument: -Djava.io.tmpdir=C:\Users\Jacek\Documents\priv\coding_projects\java_projects\astek-app\tomcat\apache-tomcat-10.1.11\temp
16-Aug-2023 18:18:38.884 INFO [main] org.apache.catalina.core.AprLifecycleListener.lifecycleEvent Loaded Apache Tomcat Native library [2.0.4] using APR version [1.7.4].
16-Aug-2023 18:18:38.890 INFO [main] org.apache.catalina.core.AprLifecycleListener.initializeSSL OpenSSL successfully initialized [OpenSSL 3.0.9 30 May 2023]
16-Aug-2023 18:18:39.144 INFO [main] org.apache.coyote.AbstractProtocol.init Initializing ProtocolHandler ["http-nio-8080"]
16-Aug-2023 18:18:39.175 INFO [main] org.apache.catalina.startup.Catalina.load Server initialization in [563] milliseconds
16-Aug-2023 18:18:39.258 INFO [main] org.apache.catalina.core.StandardService.startInternal Starting service [Catalina]
16-Aug-2023 18:18:39.259 INFO [main] org.apache.catalina.core.StandardEngine.startInternal Starting Servlet engine: [Apache Tomcat/10.1.11]
16-Aug-2023 18:18:39.283 INFO [main] org.apache.catalina.startup.HostConfig.deployDirectory Deploying web application directory [C:\Users\Jacek\Documents\priv\coding_projects\java_projects\astek-app\tomcat\apache-tomcat-10.1.11\webapps\docs]
16-Aug-2023 18:18:39.811 INFO [main] org.apache.catalina.startup.HostConfig.deployDirectory Deployment of web application directory [C:\Users\Jacek\Documents\priv\coding_projects\java_projects\astek-app\tomcat\apache-tomcat-10.1.11\webapps\docs] has finished in [525] ms
16-Aug-2023 18:18:39.812 INFO [main] org.apache.catalina.startup.HostConfig.deployDirectory Deploying web application directory [C:\Users\Jacek\Documents\priv\coding_projects\java_projects\astek-app\tomcat\apache-tomcat-10.1.11\webapps\examples]
16-Aug-2023 18:18:40.587 INFO [main] org.apache.catalina.startup.HostConfig.deployDirectory Deployment of web application directory [C:\Users\Jacek\Documents\priv\coding_projects\java_projects\astek-app\tomcat\apache-tomcat-10.1.11\webapps\examples] has finished in [776] ms
16-Aug-2023 18:18:40.588 INFO [main] org.apache.catalina.startup.HostConfig.deployDirectory Deploying web application directory [C:\Users\Jacek\Documents\priv\coding_projects\java_projects\astek-app\tomcat\apache-tomcat-10.1.11\webapps\host-manager]
16-Aug-2023 18:18:40.655 INFO [main] org.apache.catalina.startup.HostConfig.deployDirectory Deployment of web application directory [C:\Users\Jacek\Documents\priv\coding_projects\java_projects\astek-app\tomcat\apache-tomcat-10.1.11\webapps\host-manager] has finished in [67] ms
16-Aug-2023 18:18:40.656 INFO [main] org.apache.catalina.startup.HostConfig.deployDirectory Deploying web application directory [C:\Users\Jacek\Documents\priv\coding_projects\java_projects\astek-app\tomcat\apache-tomcat-10.1.11\webapps\manager]
16-Aug-2023 18:18:40.715 INFO [main] org.apache.catalina.startup.HostConfig.deployDirectory Deployment of web application directory [C:\Users\Jacek\Documents\priv\coding_projects\java_projects\astek-app\tomcat\apache-tomcat-10.1.11\webapps\manager] has finished in [59] ms
16-Aug-2023 18:18:40.716 INFO [main] org.apache.catalina.startup.HostConfig.deployDirectory Deploying web application directory [C:\Users\Jacek\Documents\priv\coding_projects\java_projects\astek-app\tomcat\apache-tomcat-10.1.11\webapps\ROOT]
16-Aug-2023 18:18:40.746 INFO [main] org.apache.catalina.startup.HostConfig.deployDirectory Deployment of web application directory [C:\Users\Jacek\Documents\priv\coding_projects\java_projects\astek-app\tomcat\apache-tomcat-10.1.11\webapps\ROOT] has finished in [30] ms
16-Aug-2023 18:18:40.749 INFO [main] org.apache.coyote.AbstractProtocol.start Starting ProtocolHandler ["http-nio-8080"]
16-Aug-2023 18:18:40.794 INFO [main] org.apache.catalina.startup.Catalina.start Server startup in [1619] milliseconds
16-Aug-2023 18:53:50.398 INFO [main] org.apache.catalina.startup.VersionLoggerListener.log Server version name:   Apache Tomcat/10.1.11
16-Aug-2023 18:53:50.402 INFO [main] org.apache.catalina.startup.VersionLoggerListener.log Server built:          Jul 6 2023 13:45:39 UTC
16-Aug-2023 18:53:50.403 INFO [main] org.apache.catalina.startup.VersionLoggerListener.log Server version number: 10.1.11.0
16-Aug-2023 18:53:50.403 INFO [main] org.apache.catalina.startup.VersionLoggerListener.log OS Name:               Windows 10
16-Aug-2023 18:53:50.403 INFO [main] org.apache.catalina.startup.VersionLoggerListener.log OS Version:            10.0
16-Aug-2023 18:53:50.403 INFO [main] org.apache.catalina.startup.VersionLoggerListener.log Architecture:          amd64
16-Aug-2023 18:53:50.404 INFO [main] org.apache.catalina.startup.VersionLoggerListener.log Java Home:             C:\Progra~1\Java\jdk-17.0.5
16-Aug-2023 18:53:50.404 INFO [main] org.apache.catalina.startup.VersionLoggerListener.log JVM Version:           17.0.5+9-LTS-191
16-Aug-2023 18:53:50.404 INFO [main] org.apache.catalina.startup.VersionLoggerListener.log JVM Vendor:            Oracle Corporation
16-Aug-2023 18:53:50.405 INFO [main] org.apache.catalina.startup.VersionLoggerListener.log CATALINA_BASE:         C:\Users\Jacek\Documents\priv\coding_projects\java_projects\astek-app\tomcat\apache-tomcat-10.1.11
16-Aug-2023 18:53:50.405 INFO [main] org.apache.catalina.startup.VersionLoggerListener.log CATALINA_HOME:         C:\Users\Jacek\Documents\priv\coding_projects\java_projects\astek-app\tomcat\apache-tomcat-10.1.11
16-Aug-2023 18:53:50.417 INFO [main] org.apache.catalina.startup.VersionLoggerListener.log Command line argument: -Djava.util.logging.config.file=C:\Users\Jacek\Documents\priv\coding_projects\java_projects\astek-app\tomcat\apache-tomcat-10.1.11\conf\logging.properties
16-Aug-2023 18:53:50.417 INFO [main] org.apache.catalina.startup.VersionLoggerListener.log Command line argument: -Djava.util.logging.manager=org.apache.juli.ClassLoaderLogManager
16-Aug-2023 18:53:50.417 INFO [main] org.apache.catalina.startup.VersionLoggerListener.log Command line argument: -Djdk.tls.ephemeralDHKeySize=2048
16-Aug-2023 18:53:50.417 INFO [main] org.apache.catalina.startup.VersionLoggerListener.log Command line argument: -Djava.protocol.handler.pkgs=org.apache.catalina.webresources
16-Aug-2023 18:53:50.417 INFO [main] org.apache.catalina.startup.VersionLoggerListener.log Command line argument: --add-opens=java.base/java.lang=ALL-UNNAMED
16-Aug-2023 18:53:50.418 INFO [main] org.apache.catalina.startup.VersionLoggerListener.log Command line argument: --add-opens=java.base/java.io=ALL-UNNAMED
16-Aug-2023 18:53:50.418 INFO [main] org.apache.catalina.startup.VersionLoggerListener.log Command line argument: --add-opens=java.base/java.util=ALL-UNNAMED
16-Aug-2023 18:53:50.419 INFO [main] org.apache.catalina.startup.VersionLoggerListener.log Command line argument: --add-opens=java.base/java.util.concurrent=ALL-UNNAMED
16-Aug-2023 18:53:50.419 INFO [main] org.apache.catalina.startup.VersionLoggerListener.log Command line argument: --add-opens=java.rmi/sun.rmi.transport=ALL-UNNAMED
16-Aug-2023 18:53:50.421 INFO [main] org.apache.catalina.startup.VersionLoggerListener.log Command line argument: -Dcatalina.base=C:\Users\Jacek\Documents\priv\coding_projects\java_projects\astek-app\tomcat\apache-tomcat-10.1.11
16-Aug-2023 18:53:50.422 INFO [main] org.apache.catalina.startup.VersionLoggerListener.log Command line argument: -Dcatalina.home=C:\Users\Jacek\Documents\priv\coding_projects\java_projects\astek-app\tomcat\apache-tomcat-10.1.11
16-Aug-2023 18:53:50.423 INFO [main] org.apache.catalina.startup.VersionLoggerListener.log Command line argument: -Djava.io.tmpdir=C:\Users\Jacek\Documents\priv\coding_projects\java_projects\astek-app\tomcat\apache-tomcat-10.1.11\temp
16-Aug-2023 18:53:50.428 INFO [main] org.apache.catalina.core.AprLifecycleListener.lifecycleEvent Loaded Apache Tomcat Native library [2.0.4] using APR version [1.7.4].
16-Aug-2023 18:53:50.434 INFO [main] org.apache.catalina.core.AprLifecycleListener.initializeSSL OpenSSL successfully initialized [OpenSSL 3.0.9 30 May 2023]
16-Aug-2023 18:53:50.674 INFO [main] org.apache.coyote.AbstractProtocol.init Initializing ProtocolHandler ["http-nio-8080"]
16-Aug-2023 18:53:50.702 INFO [main] org.apache.catalina.startup.Catalina.load Server initialization in [540] milliseconds
16-Aug-2023 18:53:50.770 INFO [main] org.apache.catalina.core.StandardService.startInternal Starting service [Catalina]
16-Aug-2023 18:53:50.771 INFO [main] org.apache.catalina.core.StandardEngine.startInternal Starting Servlet engine: [Apache Tomcat/10.1.11]
16-Aug-2023 18:53:50.807 INFO [main] org.apache.catalina.startup.HostConfig.deployWAR Deploying web application archive [C:\Users\Jacek\Documents\priv\coding_projects\java_projects\astek-app\tomcat\apache-tomcat-10.1.11\webapps\astek-app.war]
16-Aug-2023 18:53:52.061 INFO [main] org.apache.jasper.servlet.TldScanner.scanJars At least one JAR was scanned for TLDs yet contained no TLDs. Enable debug logging for this logger for a complete list of JARs that were scanned but no TLDs were found in them. Skipping unneeded JARs during scanning can improve startup time and JSP compilation time.
16-Aug-2023 18:53:52.205 INFO [main] org.apache.catalina.startup.HostConfig.deployWAR Deployment of web application archive [C:\Users\Jacek\Documents\priv\coding_projects\java_projects\astek-app\tomcat\apache-tomcat-10.1.11\webapps\astek-app.war] has finished in [1,397] ms
16-Aug-2023 18:53:52.207 INFO [main] org.apache.catalina.startup.HostConfig.deployDirectory Deploying web application directory [C:\Users\Jacek\Documents\priv\coding_projects\java_projects\astek-app\tomcat\apache-tomcat-10.1.11\webapps\docs]
16-Aug-2023 18:53:52.258 INFO [main] org.apache.catalina.startup.HostConfig.deployDirectory Deployment of web application directory [C:\Users\Jacek\Documents\priv\coding_projects\java_projects\astek-app\tomcat\apache-tomcat-10.1.11\webapps\docs] has finished in [50] ms
16-Aug-2023 18:53:52.258 INFO [main] org.apache.catalina.startup.HostConfig.deployDirectory Deploying web application directory [C:\Users\Jacek\Documents\priv\coding_projects\java_projects\astek-app\tomcat\apache-tomcat-10.1.11\webapps\examples]
16-Aug-2023 18:53:52.853 INFO [main] org.apache.catalina.startup.HostConfig.deployDirectory Deployment of web application directory [C:\Users\Jacek\Documents\priv\coding_projects\java_projects\astek-app\tomcat\apache-tomcat-10.1.11\webapps\examples] has finished in [595] ms
16-Aug-2023 18:53:52.854 INFO [main] org.apache.catalina.startup.HostConfig.deployDirectory Deploying web application directory [C:\Users\Jacek\Documents\priv\coding_projects\java_projects\astek-app\tomcat\apache-tomcat-10.1.11\webapps\host-manager]
16-Aug-2023 18:53:52.913 INFO [main] org.apache.catalina.startup.HostConfig.deployDirectory Deployment of web application directory [C:\Users\Jacek\Documents\priv\coding_projects\java_projects\astek-app\tomcat\apache-tomcat-10.1.11\webapps\host-manager] has finished in [59] ms
16-Aug-2023 18:53:52.914 INFO [main] org.apache.catalina.startup.HostConfig.deployDirectory Deploying web application directory [C:\Users\Jacek\Documents\priv\coding_projects\java_projects\astek-app\tomcat\apache-tomcat-10.1.11\webapps\manager]
16-Aug-2023 18:53:52.974 INFO [main] org.apache.catalina.startup.HostConfig.deployDirectory Deployment of web application directory [C:\Users\Jacek\Documents\priv\coding_projects\java_projects\astek-app\tomcat\apache-tomcat-10.1.11\webapps\manager] has finished in [60] ms
16-Aug-2023 18:53:52.975 INFO [main] org.apache.catalina.startup.HostConfig.deployDirectory Deploying web application directory [C:\Users\Jacek\Documents\priv\coding_projects\java_projects\astek-app\tomcat\apache-tomcat-10.1.11\webapps\ROOT]
16-Aug-2023 18:53:53.009 INFO [main] org.apache.catalina.startup.HostConfig.deployDirectory Deployment of web application directory [C:\Users\Jacek\Documents\priv\coding_projects\java_projects\astek-app\tomcat\apache-tomcat-10.1.11\webapps\ROOT] has finished in [33] ms
16-Aug-2023 18:53:53.014 INFO [main] org.apache.coyote.AbstractProtocol.start Starting ProtocolHandler ["http-nio-8080"]
16-Aug-2023 18:53:53.055 INFO [main] org.apache.catalina.startup.Catalina.start Server startup in [2353] milliseconds
16-Aug-2023 18:54:10.191 INFO [Thread-1] org.apache.coyote.AbstractProtocol.pause Pausing ProtocolHandler ["http-nio-8080"]
16-Aug-2023 18:54:10.214 INFO [Thread-1] org.apache.catalina.core.StandardService.stopInternal Stopping service [Catalina]
16-Aug-2023 18:54:10.244 INFO [Thread-1] org.apache.coyote.AbstractProtocol.stop Stopping ProtocolHandler ["http-nio-8080"]
16-Aug-2023 18:54:10.256 INFO [Thread-1] org.apache.coyote.AbstractProtocol.destroy Destroying ProtocolHandler ["http-nio-8080"]
16-Aug-2023 22:08:39.253 INFO [main] org.apache.catalina.startup.VersionLoggerListener.log Server version name:   Apache Tomcat/10.1.11
16-Aug-2023 22:08:39.259 INFO [main] org.apache.catalina.startup.VersionLoggerListener.log Server built:          Jul 6 2023 13:45:39 UTC
16-Aug-2023 22:08:39.259 INFO [main] org.apache.catalina.startup.VersionLoggerListener.log Server version number: 10.1.11.0
16-Aug-2023 22:08:39.259 INFO [main] org.apache.catalina.startup.VersionLoggerListener.log OS Name:               Windows 10
16-Aug-2023 22:08:39.259 INFO [main] org.apache.catalina.startup.VersionLoggerListener.log OS Version:            10.0
16-Aug-2023 22:08:39.260 INFO [main] org.apache.catalina.startup.VersionLoggerListener.log Architecture:          amd64
16-Aug-2023 22:08:39.260 INFO [main] org.apache.catalina.startup.VersionLoggerListener.log Java Home:             C:\Progra~1\Java\jdk-17.0.5
16-Aug-2023 22:08:39.260 INFO [main] org.apache.catalina.startup.VersionLoggerListener.log JVM Version:           17.0.5+9-LTS-191
16-Aug-2023 22:08:39.260 INFO [main] org.apache.catalina.startup.VersionLoggerListener.log JVM Vendor:            Oracle Corporation
16-Aug-2023 22:08:39.260 INFO [main] org.apache.catalina.startup.VersionLoggerListener.log CATALINA_BASE:         C:\Users\Jacek\Documents\priv\coding_projects\java_projects\astek-app\tomcat\apache-tomcat-10.1.11
16-Aug-2023 22:08:39.260 INFO [main] org.apache.catalina.startup.VersionLoggerListener.log CATALINA_HOME:         C:\Users\Jacek\Documents\priv\coding_projects\java_projects\astek-app\tomcat\apache-tomcat-10.1.11
16-Aug-2023 22:08:39.269 INFO [main] org.apache.catalina.startup.VersionLoggerListener.log Command line argument: -Djava.util.logging.config.file=C:\Users\Jacek\Documents\priv\coding_projects\java_projects\astek-app\tomcat\apache-tomcat-10.1.11\conf\logging.properties
16-Aug-2023 22:08:39.269 INFO [main] org.apache.catalina.startup.VersionLoggerListener.log Command line argument: -Djava.util.logging.manager=org.apache.juli.ClassLoaderLogManager
16-Aug-2023 22:08:39.270 INFO [main] org.apache.catalina.startup.VersionLoggerListener.log Command line argument: -Djdk.tls.ephemeralDHKeySize=2048
16-Aug-2023 22:08:39.270 INFO [main] org.apache.catalina.startup.VersionLoggerListener.log Command line argument: -Djava.protocol.handler.pkgs=org.apache.catalina.webresources
16-Aug-2023 22:08:39.270 INFO [main] org.apache.catalina.startup.VersionLoggerListener.log Command line argument: --add-opens=java.base/java.lang=ALL-UNNAMED
16-Aug-2023 22:08:39.270 INFO [main] org.apache.catalina.startup.VersionLoggerListener.log Command line argument: --add-opens=java.base/java.io=ALL-UNNAMED
16-Aug-2023 22:08:39.271 INFO [main] org.apache.catalina.startup.VersionLoggerListener.log Command line argument: --add-opens=java.base/java.util=ALL-UNNAMED
16-Aug-2023 22:08:39.274 INFO [main] org.apache.catalina.startup.VersionLoggerListener.log Command line argument: --add-opens=java.base/java.util.concurrent=ALL-UNNAMED
16-Aug-2023 22:08:39.278 INFO [main] org.apache.catalina.startup.VersionLoggerListener.log Command line argument: --add-opens=java.rmi/sun.rmi.transport=ALL-UNNAMED
16-Aug-2023 22:08:39.279 INFO [main] org.apache.catalina.startup.VersionLoggerListener.log Command line argument: -Dcatalina.base=C:\Users\Jacek\Documents\priv\coding_projects\java_projects\astek-app\tomcat\apache-tomcat-10.1.11
16-Aug-2023 22:08:39.280 INFO [main] org.apache.catalina.startup.VersionLoggerListener.log Command line argument: -Dcatalina.home=C:\Users\Jacek\Documents\priv\coding_projects\java_projects\astek-app\tomcat\apache-tomcat-10.1.11
16-Aug-2023 22:08:39.281 INFO [main] org.apache.catalina.startup.VersionLoggerListener.log Command line argument: -Djava.io.tmpdir=C:\Users\Jacek\Documents\priv\coding_projects\java_projects\astek-app\tomcat\apache-tomcat-10.1.11\temp
16-Aug-2023 22:08:39.290 INFO [main] org.apache.catalina.core.AprLifecycleListener.lifecycleEvent Loaded Apache Tomcat Native library [2.0.4] using APR version [1.7.4].
16-Aug-2023 22:08:39.323 INFO [main] org.apache.catalina.core.AprLifecycleListener.initializeSSL OpenSSL successfully initialized [OpenSSL 3.0.9 30 May 2023]
16-Aug-2023 22:08:39.590 INFO [main] org.apache.coyote.AbstractProtocol.init Initializing ProtocolHandler ["http-nio-8080"]
16-Aug-2023 22:08:39.629 INFO [main] org.apache.catalina.startup.Catalina.load Server initialization in [636] milliseconds
16-Aug-2023 22:08:39.704 INFO [main] org.apache.catalina.core.StandardService.startInternal Starting service [Catalina]
16-Aug-2023 22:08:39.704 INFO [main] org.apache.catalina.core.StandardEngine.startInternal Starting Servlet engine: [Apache Tomcat/10.1.11]
16-Aug-2023 22:08:39.740 INFO [main] org.apache.catalina.startup.HostConfig.deployWAR Deploying web application archive [C:\Users\Jacek\Documents\priv\coding_projects\java_projects\astek-app\tomcat\apache-tomcat-10.1.11\webapps\astek-app.war]
16-Aug-2023 22:08:40.757 INFO [main] org.apache.jasper.servlet.TldScanner.scanJars At least one JAR was scanned for TLDs yet contained no TLDs. Enable debug logging for this logger for a complete list of JARs that were scanned but no TLDs were found in them. Skipping unneeded JARs during scanning can improve startup time and JSP compilation time.
16-Aug-2023 22:08:40.890 INFO [main] org.apache.catalina.startup.HostConfig.deployWAR Deployment of web application archive [C:\Users\Jacek\Documents\priv\coding_projects\java_projects\astek-app\tomcat\apache-tomcat-10.1.11\webapps\astek-app.war] has finished in [1,149] ms
16-Aug-2023 22:08:40.891 INFO [main] org.apache.catalina.startup.HostConfig.deployDirectory Deploying web application directory [C:\Users\Jacek\Documents\priv\coding_projects\java_projects\astek-app\tomcat\apache-tomcat-10.1.11\webapps\docs]
16-Aug-2023 22:08:40.934 INFO [main] org.apache.catalina.startup.HostConfig.deployDirectory Deployment of web application directory [C:\Users\Jacek\Documents\priv\coding_projects\java_projects\astek-app\tomcat\apache-tomcat-10.1.11\webapps\docs] has finished in [43] ms
16-Aug-2023 22:08:40.935 INFO [main] org.apache.catalina.startup.HostConfig.deployDirectory Deploying web application directory [C:\Users\Jacek\Documents\priv\coding_projects\java_projects\astek-app\tomcat\apache-tomcat-10.1.11\webapps\examples]
16-Aug-2023 22:08:41.499 INFO [main] org.apache.catalina.startup.HostConfig.deployDirectory Deployment of web application directory [C:\Users\Jacek\Documents\priv\coding_projects\java_projects\astek-app\tomcat\apache-tomcat-10.1.11\webapps\examples] has finished in [564] ms
16-Aug-2023 22:08:41.500 INFO [main] org.apache.catalina.startup.HostConfig.deployDirectory Deploying web application directory [C:\Users\Jacek\Documents\priv\coding_projects\java_projects\astek-app\tomcat\apache-tomcat-10.1.11\webapps\host-manager]
16-Aug-2023 22:08:41.551 INFO [main] org.apache.catalina.startup.HostConfig.deployDirectory Deployment of web application directory [C:\Users\Jacek\Documents\priv\coding_projects\java_projects\astek-app\tomcat\apache-tomcat-10.1.11\webapps\host-manager] has finished in [51] ms
16-Aug-2023 22:08:41.551 INFO [main] org.apache.catalina.startup.HostConfig.deployDirectory Deploying web application directory [C:\Users\Jacek\Documents\priv\coding_projects\java_projects\astek-app\tomcat\apache-tomcat-10.1.11\webapps\manager]
16-Aug-2023 22:08:41.606 INFO [main] org.apache.catalina.startup.HostConfig.deployDirectory Deployment of web application directory [C:\Users\Jacek\Documents\priv\coding_projects\java_projects\astek-app\tomcat\apache-tomcat-10.1.11\webapps\manager] has finished in [55] ms
16-Aug-2023 22:08:41.607 INFO [main] org.apache.catalina.startup.HostConfig.deployDirectory Deploying web application directory [C:\Users\Jacek\Documents\priv\coding_projects\java_projects\astek-app\tomcat\apache-tomcat-10.1.11\webapps\ROOT]
16-Aug-2023 22:08:41.638 INFO [main] org.apache.catalina.startup.HostConfig.deployDirectory Deployment of web application directory [C:\Users\Jacek\Documents\priv\coding_projects\java_projects\astek-app\tomcat\apache-tomcat-10.1.11\webapps\ROOT] has finished in [31] ms
16-Aug-2023 22:08:41.642 INFO [main] org.apache.coyote.AbstractProtocol.start Starting ProtocolHandler ["http-nio-8080"]
16-Aug-2023 22:08:41.688 INFO [main] org.apache.catalina.startup.Catalina.start Server startup in [2058] milliseconds
16-Aug-2023 22:09:16.075 INFO [Thread-1] org.apache.coyote.AbstractProtocol.pause Pausing ProtocolHandler ["http-nio-8080"]
16-Aug-2023 22:09:16.105 INFO [Thread-1] org.apache.catalina.core.StandardService.stopInternal Stopping service [Catalina]
16-Aug-2023 22:09:16.150 INFO [Thread-1] org.apache.coyote.AbstractProtocol.stop Stopping ProtocolHandler ["http-nio-8080"]
16-Aug-2023 22:09:16.162 INFO [Thread-1] org.apache.coyote.AbstractProtocol.destroy Destroying ProtocolHandler ["http-nio-8080"]
